<?xml version="1.0" encoding="UTF-8"?>
<!-- Generated by org.testng.reporters.JUnitReportReporter -->
<testsuite skipped="0" hostname="Ashwini" name="getFailedScenarioRerun.TestRunner" tests="3" failures="1" timestamp="2022-10-31T21:56:37 IST" time="158.344" errors="0">
  <testcase name="runScenario" time="86.942" classname="getFailedScenarioRerun.TestRunner"/>
  <system-out/>
  <testcase name="runScenario" time="45.417" classname="getFailedScenarioRerun.TestRunner"/>
  <system-out/>
  <testcase name="runScenario" time="25.985" classname="getFailedScenarioRerun.TestRunner">
    <failure type="java.lang.AssertionError" message="expected [true] but found [false]">
      <![CDATA[java.lang.AssertionError: expected [true] but found [false]
at org.testng.Assert.fail(Assert.java:99)
at org.testng.Assert.failNotEquals(Assert.java:1037)
at org.testng.Assert.assertTrue(Assert.java:45)
at org.testng.Assert.assertTrue(Assert.java:55)
at stepdefinations.VTigerLeadBackgrounExample.click_on_delete_logo(VTigerLeadBackgrounExample.java:70)
at ✽.click on delete logo(file:///C:/Users/hp/eclipse-workspace/BDDFramework/src/test/resources/features/VTigerLeadBackgrounExample.feature:22)
]]>
    </failure>
  </testcase> <!-- runScenario -->
  <system-out/>
</testsuite> <!-- getFailedScenarioRerun.TestRunner -->
