<?xml version="1.0" encoding="UTF-8"?>
<!-- Generated by org.testng.reporters.JUnitXMLReporter -->
<testsuite hostname="Ashwini" ignored="0" name="Command line test" tests="12" failures="0" timestamp="2022-11-03T21:08:05 IST" time="458.903" errors="0">
  <testcase name="preRequisite" time="102.488" classname="com.VTiger.Lead.TestCases.LeadTest"/>
  <testcase name="createLeadTest" time="7.105" classname="com.VTiger.Lead.TestCases.LeadTest"/>
  <testcase name="verifyCreatedLead" time="1.549" classname="com.VTiger.Lead.TestCases.LeadTest"/>
  <testcase name="deleteDeadTest" time="1.032" classname="com.VTiger.Lead.TestCases.LeadTest"/>
  <testcase name="verifyLeadDeletedTest" time="32.445" classname="com.VTiger.Lead.TestCases.LeadTest"/>
  <testcase name="tearDown" time="6.89" classname="com.VTiger.Lead.TestCases.LeadTest"/>
  <testcase name="runScenario" time="66.74" classname="io.cucumber.testng.AbstractTestNGCucumberTests"/>
  <testcase name="runScenario" time="44.4" classname="io.cucumber.testng.AbstractTestNGCucumberTests"/>
  <testcase name="runScenario" time="83.79" classname="io.cucumber.testng.AbstractTestNGCucumberTests"/>
  <testcase name="runScenario" time="48.11" classname="io.cucumber.testng.AbstractTestNGCucumberTests"/>
  <testcase name="runScenario" time="37.645" classname="io.cucumber.testng.AbstractTestNGCucumberTests"/>
  <testcase name="runScenario" time="8.609" classname="io.cucumber.testng.AbstractTestNGCucumberTests"/>
</testsuite> <!-- Command line test -->
